2021-11-15 16:59:34,401 - Log4JLogChute initialized using file 'velocity.log'
2021-11-15 16:59:34,401 - Initializing Velocity, Calling init()...
2021-11-15 16:59:34,402 - Starting Apache Velocity v1.7 (compiled: 2010-11-19 12:14:37)
2021-11-15 16:59:34,402 - Default Properties File: org\apache\velocity\runtime\defaults\velocity.properties
2021-11-15 16:59:34,402 - Trying to use logger class org.apache.velocity.runtime.log.AvalonLogChute
2021-11-15 16:59:34,402 - Target log system for org.apache.velocity.runtime.log.AvalonLogChute is not available (java.lang.NoClassDefFoundError: org/apache/log/format/Formatter).  Falling back to next log system...
2021-11-15 16:59:34,402 - Trying to use logger class org.apache.velocity.runtime.log.Log4JLogChute
2021-11-15 16:59:34,402 - Using logger class org.apache.velocity.runtime.log.Log4JLogChute
2021-11-15 16:59:34,404 - ResourceLoader instantiated: org.apache.velocity.runtime.resource.loader.ClasspathResourceLoader
2021-11-15 17:03:03,390 - Log4JLogChute initialized using file 'velocity.log'
2021-11-15 17:03:03,390 - Initializing Velocity, Calling init()...
2021-11-15 17:03:03,390 - Starting Apache Velocity v1.7 (compiled: 2010-11-19 12:14:37)
2021-11-15 17:03:03,391 - Default Properties File: org\apache\velocity\runtime\defaults\velocity.properties
2021-11-15 17:03:03,391 - Trying to use logger class org.apache.velocity.runtime.log.AvalonLogChute
2021-11-15 17:03:03,391 - Target log system for org.apache.velocity.runtime.log.AvalonLogChute is not available (java.lang.NoClassDefFoundError: org/apache/log/format/Formatter).  Falling back to next log system...
2021-11-15 17:03:03,391 - Trying to use logger class org.apache.velocity.runtime.log.Log4JLogChute
2021-11-15 17:03:03,391 - Using logger class org.apache.velocity.runtime.log.Log4JLogChute
2021-11-15 17:03:03,393 - ResourceLoader instantiated: org.apache.velocity.runtime.resource.loader.ClasspathResourceLoader
2021-11-15 17:07:14,383 - Log4JLogChute initialized using file 'velocity.log'
2021-11-15 17:07:14,383 - Initializing Velocity, Calling init()...
2021-11-15 17:07:14,383 - Starting Apache Velocity v1.7 (compiled: 2010-11-19 12:14:37)
2021-11-15 17:07:14,383 - Default Properties File: org\apache\velocity\runtime\defaults\velocity.properties
2021-11-15 17:07:14,383 - Trying to use logger class org.apache.velocity.runtime.log.AvalonLogChute
2021-11-15 17:07:14,383 - Target log system for org.apache.velocity.runtime.log.AvalonLogChute is not available (java.lang.NoClassDefFoundError: org/apache/log/format/Formatter).  Falling back to next log system...
2021-11-15 17:07:14,383 - Trying to use logger class org.apache.velocity.runtime.log.Log4JLogChute
2021-11-15 17:07:14,383 - Using logger class org.apache.velocity.runtime.log.Log4JLogChute
2021-11-15 17:07:14,385 - ResourceLoader instantiated: org.apache.velocity.runtime.resource.loader.ClasspathResourceLoader
2021-11-15 17:07:14,395 - ResourceCache: initialized (class org.apache.velocity.runtime.resource.ResourceCacheImpl) with class java.util.Collections$SynchronizedMap cache map.
2021-11-15 17:07:14,395 - Loaded System Directive: org.apache.velocity.runtime.directive.Stop
2021-11-15 17:07:14,396 - Loaded System Directive: org.apache.velocity.runtime.directive.Define
2021-11-15 17:07:14,396 - Loaded System Directive: org.apache.velocity.runtime.directive.Break
2021-11-15 17:07:14,397 - Loaded System Directive: org.apache.velocity.runtime.directive.Evaluate
2021-11-15 17:07:14,397 - Loaded System Directive: org.apache.velocity.runtime.directive.Literal
2021-11-15 17:07:14,398 - Loaded System Directive: org.apache.velocity.runtime.directive.Macro
2021-11-15 17:07:14,398 - Loaded System Directive: org.apache.velocity.runtime.directive.Parse
2021-11-15 17:07:14,399 - Loaded System Directive: org.apache.velocity.runtime.directive.Include
2021-11-15 17:07:14,400 - Loaded System Directive: org.apache.velocity.runtime.directive.Foreach
2021-11-15 17:07:14,421 - Created '20' parsers.
2021-11-15 17:07:14,424 - Velocimacro : "velocimacro.library" is not set.  Trying default library: VM_global_library.vm
2021-11-15 17:07:14,425 - Could not load resource 'VM_global_library.vm' from ResourceLoader org.apache.velocity.runtime.resource.loader.ClasspathResourceLoader: ClasspathResourceLoader Error: cannot find resource VM_global_library.vm
2021-11-15 17:07:14,425 - Velocimacro : Default library not found.
2021-11-15 17:07:14,425 - Velocimacro : allowInline = true : VMs can be defined inline in templates
2021-11-15 17:07:14,425 - Velocimacro : allowInlineToOverride = false : VMs defined inline may NOT replace previous VM definitions
2021-11-15 17:07:14,425 - Velocimacro : allowInlineLocal = false : VMs defined inline will be global in scope if allowed.
2021-11-15 17:07:14,425 - Velocimacro : autoload off : VM system will not automatically reload global library macros
2021-11-15 17:07:14,441 - ResourceManager : found templates/entity.java.vm with loader org.apache.velocity.runtime.resource.loader.ClasspathResourceLoader
2021-11-15 17:07:14,449 - Left side (${versionFieldName}) of '==' operation has null value. If it is a reference, it may not be in the context or its toString() returned null. templates/entity.java.vm[line 56, column 30]
2021-11-15 17:07:14,449 - Left side (${logicDeleteFieldName}) of '==' operation has null value. If it is a reference, it may not be in the context or its toString() returned null. templates/entity.java.vm[line 60, column 34]
2021-11-15 17:07:14,452 - Left side (${versionFieldName}) of '==' operation has null value. If it is a reference, it may not be in the context or its toString() returned null. templates/entity.java.vm[line 56, column 30]
2021-11-15 17:07:14,452 - Left side (${logicDeleteFieldName}) of '==' operation has null value. If it is a reference, it may not be in the context or its toString() returned null. templates/entity.java.vm[line 60, column 34]
2021-11-15 17:07:14,452 - Left side (${versionFieldName}) of '==' operation has null value. If it is a reference, it may not be in the context or its toString() returned null. templates/entity.java.vm[line 56, column 30]
2021-11-15 17:07:14,452 - Left side (${logicDeleteFieldName}) of '==' operation has null value. If it is a reference, it may not be in the context or its toString() returned null. templates/entity.java.vm[line 60, column 34]
2021-11-15 17:07:14,454 - ResourceManager : found templates/mapper.java.vm with loader org.apache.velocity.runtime.resource.loader.ClasspathResourceLoader
2021-11-15 17:07:14,456 - ResourceManager : found templates/mapper.xml.vm with loader org.apache.velocity.runtime.resource.loader.ClasspathResourceLoader
2021-11-15 17:07:14,458 - ResourceManager : found templates/service.java.vm with loader org.apache.velocity.runtime.resource.loader.ClasspathResourceLoader
2021-11-15 17:07:14,460 - ResourceManager : found templates/serviceImpl.java.vm with loader org.apache.velocity.runtime.resource.loader.ClasspathResourceLoader
2021-11-15 17:07:14,464 - ResourceManager : found templates/controller.java.vm with loader org.apache.velocity.runtime.resource.loader.ClasspathResourceLoader
2021-11-15 17:31:31,107 - Log4JLogChute initialized using file 'velocity.log'
2021-11-15 17:31:31,107 - Initializing Velocity, Calling init()...
2021-11-15 17:31:31,107 - Starting Apache Velocity v1.7 (compiled: 2010-11-19 12:14:37)
2021-11-15 17:31:31,107 - Default Properties File: org\apache\velocity\runtime\defaults\velocity.properties
2021-11-15 17:31:31,107 - Trying to use logger class org.apache.velocity.runtime.log.AvalonLogChute
2021-11-15 17:31:31,107 - Target log system for org.apache.velocity.runtime.log.AvalonLogChute is not available (java.lang.NoClassDefFoundError: org/apache/log/format/Formatter).  Falling back to next log system...
2021-11-15 17:31:31,107 - Trying to use logger class org.apache.velocity.runtime.log.Log4JLogChute
2021-11-15 17:31:31,107 - Using logger class org.apache.velocity.runtime.log.Log4JLogChute
2021-11-15 17:31:31,110 - ResourceLoader instantiated: org.apache.velocity.runtime.resource.loader.ClasspathResourceLoader
2021-11-15 17:31:31,120 - ResourceCache: initialized (class org.apache.velocity.runtime.resource.ResourceCacheImpl) with class java.util.Collections$SynchronizedMap cache map.
2021-11-15 17:31:31,121 - Loaded System Directive: org.apache.velocity.runtime.directive.Stop
2021-11-15 17:31:31,122 - Loaded System Directive: org.apache.velocity.runtime.directive.Define
2021-11-15 17:31:31,123 - Loaded System Directive: org.apache.velocity.runtime.directive.Break
2021-11-15 17:31:31,123 - Loaded System Directive: org.apache.velocity.runtime.directive.Evaluate
2021-11-15 17:31:31,124 - Loaded System Directive: org.apache.velocity.runtime.directive.Literal
2021-11-15 17:31:31,125 - Loaded System Directive: org.apache.velocity.runtime.directive.Macro
2021-11-15 17:31:31,126 - Loaded System Directive: org.apache.velocity.runtime.directive.Parse
2021-11-15 17:31:31,127 - Loaded System Directive: org.apache.velocity.runtime.directive.Include
2021-11-15 17:31:31,128 - Loaded System Directive: org.apache.velocity.runtime.directive.Foreach
2021-11-15 17:31:31,150 - Created '20' parsers.
2021-11-15 17:31:31,164 - Velocimacro : "velocimacro.library" is not set.  Trying default library: VM_global_library.vm
2021-11-15 17:31:31,164 - Could not load resource 'VM_global_library.vm' from ResourceLoader org.apache.velocity.runtime.resource.loader.ClasspathResourceLoader: ClasspathResourceLoader Error: cannot find resource VM_global_library.vm
2021-11-15 17:31:31,164 - Velocimacro : Default library not found.
2021-11-15 17:31:31,164 - Velocimacro : allowInline = true : VMs can be defined inline in templates
2021-11-15 17:31:31,164 - Velocimacro : allowInlineToOverride = false : VMs defined inline may NOT replace previous VM definitions
2021-11-15 17:31:31,164 - Velocimacro : allowInlineLocal = false : VMs defined inline will be global in scope if allowed.
2021-11-15 17:31:31,165 - Velocimacro : autoload off : VM system will not automatically reload global library macros
2021-11-15 17:31:31,183 - ResourceManager : found templates/entity.java.vm with loader org.apache.velocity.runtime.resource.loader.ClasspathResourceLoader
2021-11-15 17:31:31,191 - Left side (${versionFieldName}) of '==' operation has null value. If it is a reference, it may not be in the context or its toString() returned null. templates/entity.java.vm[line 56, column 30]
2021-11-15 17:31:31,192 - Left side (${logicDeleteFieldName}) of '==' operation has null value. If it is a reference, it may not be in the context or its toString() returned null. templates/entity.java.vm[line 60, column 34]
2021-11-15 17:31:31,195 - Left side (${versionFieldName}) of '==' operation has null value. If it is a reference, it may not be in the context or its toString() returned null. templates/entity.java.vm[line 56, column 30]
2021-11-15 17:31:31,195 - Left side (${logicDeleteFieldName}) of '==' operation has null value. If it is a reference, it may not be in the context or its toString() returned null. templates/entity.java.vm[line 60, column 34]
2021-11-15 17:31:31,195 - Left side (${versionFieldName}) of '==' operation has null value. If it is a reference, it may not be in the context or its toString() returned null. templates/entity.java.vm[line 56, column 30]
2021-11-15 17:31:31,195 - Left side (${logicDeleteFieldName}) of '==' operation has null value. If it is a reference, it may not be in the context or its toString() returned null. templates/entity.java.vm[line 60, column 34]
2021-11-15 17:31:31,197 - ResourceManager : found templates/mapper.java.vm with loader org.apache.velocity.runtime.resource.loader.ClasspathResourceLoader
2021-11-15 17:31:31,199 - ResourceManager : found templates/mapper.xml.vm with loader org.apache.velocity.runtime.resource.loader.ClasspathResourceLoader
2021-11-15 17:31:31,201 - ResourceManager : found templates/service.java.vm with loader org.apache.velocity.runtime.resource.loader.ClasspathResourceLoader
2021-11-15 17:31:31,203 - ResourceManager : found templates/serviceImpl.java.vm with loader org.apache.velocity.runtime.resource.loader.ClasspathResourceLoader
2021-11-15 17:31:31,207 - ResourceManager : found templates/controller.java.vm with loader org.apache.velocity.runtime.resource.loader.ClasspathResourceLoader
2021-11-15 17:36:33,068 - Log4JLogChute initialized using file 'velocity.log'
2021-11-15 17:36:33,068 - Initializing Velocity, Calling init()...
2021-11-15 17:36:33,068 - Starting Apache Velocity v1.7 (compiled: 2010-11-19 12:14:37)
2021-11-15 17:36:33,068 - Default Properties File: org\apache\velocity\runtime\defaults\velocity.properties
2021-11-15 17:36:33,068 - Trying to use logger class org.apache.velocity.runtime.log.AvalonLogChute
2021-11-15 17:36:33,068 - Target log system for org.apache.velocity.runtime.log.AvalonLogChute is not available (java.lang.NoClassDefFoundError: org/apache/log/format/Formatter).  Falling back to next log system...
2021-11-15 17:36:33,068 - Trying to use logger class org.apache.velocity.runtime.log.Log4JLogChute
2021-11-15 17:36:33,068 - Using logger class org.apache.velocity.runtime.log.Log4JLogChute
2021-11-15 17:36:33,071 - ResourceLoader instantiated: org.apache.velocity.runtime.resource.loader.ClasspathResourceLoader
2021-11-15 17:36:33,085 - ResourceCache: initialized (class org.apache.velocity.runtime.resource.ResourceCacheImpl) with class java.util.Collections$SynchronizedMap cache map.
2021-11-15 17:36:33,087 - Loaded System Directive: org.apache.velocity.runtime.directive.Stop
2021-11-15 17:36:33,089 - Loaded System Directive: org.apache.velocity.runtime.directive.Define
2021-11-15 17:36:33,089 - Loaded System Directive: org.apache.velocity.runtime.directive.Break
2021-11-15 17:36:33,090 - Loaded System Directive: org.apache.velocity.runtime.directive.Evaluate
2021-11-15 17:36:33,091 - Loaded System Directive: org.apache.velocity.runtime.directive.Literal
2021-11-15 17:36:33,092 - Loaded System Directive: org.apache.velocity.runtime.directive.Macro
2021-11-15 17:36:33,093 - Loaded System Directive: org.apache.velocity.runtime.directive.Parse
2021-11-15 17:36:33,094 - Loaded System Directive: org.apache.velocity.runtime.directive.Include
2021-11-15 17:36:33,095 - Loaded System Directive: org.apache.velocity.runtime.directive.Foreach
2021-11-15 17:36:33,124 - Created '20' parsers.
2021-11-15 17:36:33,139 - Velocimacro : "velocimacro.library" is not set.  Trying default library: VM_global_library.vm
2021-11-15 17:36:33,140 - Could not load resource 'VM_global_library.vm' from ResourceLoader org.apache.velocity.runtime.resource.loader.ClasspathResourceLoader: ClasspathResourceLoader Error: cannot find resource VM_global_library.vm
2021-11-15 17:36:33,140 - Velocimacro : Default library not found.
2021-11-15 17:36:33,140 - Velocimacro : allowInline = true : VMs can be defined inline in templates
2021-11-15 17:36:33,140 - Velocimacro : allowInlineToOverride = false : VMs defined inline may NOT replace previous VM definitions
2021-11-15 17:36:33,140 - Velocimacro : allowInlineLocal = false : VMs defined inline will be global in scope if allowed.
2021-11-15 17:36:33,140 - Velocimacro : autoload off : VM system will not automatically reload global library macros
2021-11-15 17:36:33,158 - ResourceManager : found templates/entity.java.vm with loader org.apache.velocity.runtime.resource.loader.ClasspathResourceLoader
2021-11-15 17:36:33,166 - Left side (${versionFieldName}) of '==' operation has null value. If it is a reference, it may not be in the context or its toString() returned null. templates/entity.java.vm[line 56, column 30]
2021-11-15 17:36:33,166 - Left side (${logicDeleteFieldName}) of '==' operation has null value. If it is a reference, it may not be in the context or its toString() returned null. templates/entity.java.vm[line 60, column 34]
2021-11-15 17:36:33,169 - Left side (${versionFieldName}) of '==' operation has null value. If it is a reference, it may not be in the context or its toString() returned null. templates/entity.java.vm[line 56, column 30]
2021-11-15 17:36:33,169 - Left side (${logicDeleteFieldName}) of '==' operation has null value. If it is a reference, it may not be in the context or its toString() returned null. templates/entity.java.vm[line 60, column 34]
2021-11-15 17:36:33,169 - Left side (${versionFieldName}) of '==' operation has null value. If it is a reference, it may not be in the context or its toString() returned null. templates/entity.java.vm[line 56, column 30]
2021-11-15 17:36:33,169 - Left side (${logicDeleteFieldName}) of '==' operation has null value. If it is a reference, it may not be in the context or its toString() returned null. templates/entity.java.vm[line 60, column 34]
2021-11-15 17:36:33,171 - ResourceManager : found templates/mapper.java.vm with loader org.apache.velocity.runtime.resource.loader.ClasspathResourceLoader
2021-11-15 17:36:33,173 - ResourceManager : found templates/mapper.xml.vm with loader org.apache.velocity.runtime.resource.loader.ClasspathResourceLoader
2021-11-15 17:36:33,175 - ResourceManager : found templates/service.java.vm with loader org.apache.velocity.runtime.resource.loader.ClasspathResourceLoader
2021-11-15 17:36:33,177 - ResourceManager : found templates/serviceImpl.java.vm with loader org.apache.velocity.runtime.resource.loader.ClasspathResourceLoader
2021-11-15 17:36:33,181 - ResourceManager : found templates/controller.java.vm with loader org.apache.velocity.runtime.resource.loader.ClasspathResourceLoader
2021-11-15 17:38:00,407 - Log4JLogChute initialized using file 'velocity.log'
2021-11-15 17:38:00,407 - Initializing Velocity, Calling init()...
2021-11-15 17:38:00,407 - Starting Apache Velocity v1.7 (compiled: 2010-11-19 12:14:37)
2021-11-15 17:38:00,407 - Default Properties File: org\apache\velocity\runtime\defaults\velocity.properties
2021-11-15 17:38:00,407 - Trying to use logger class org.apache.velocity.runtime.log.AvalonLogChute
2021-11-15 17:38:00,407 - Target log system for org.apache.velocity.runtime.log.AvalonLogChute is not available (java.lang.NoClassDefFoundError: org/apache/log/format/Formatter).  Falling back to next log system...
2021-11-15 17:38:00,407 - Trying to use logger class org.apache.velocity.runtime.log.Log4JLogChute
2021-11-15 17:38:00,407 - Using logger class org.apache.velocity.runtime.log.Log4JLogChute
2021-11-15 17:38:00,411 - ResourceLoader instantiated: org.apache.velocity.runtime.resource.loader.ClasspathResourceLoader
2021-11-15 17:38:00,420 - ResourceCache: initialized (class org.apache.velocity.runtime.resource.ResourceCacheImpl) with class java.util.Collections$SynchronizedMap cache map.
2021-11-15 17:38:00,421 - Loaded System Directive: org.apache.velocity.runtime.directive.Stop
2021-11-15 17:38:00,422 - Loaded System Directive: org.apache.velocity.runtime.directive.Define
2021-11-15 17:38:00,423 - Loaded System Directive: org.apache.velocity.runtime.directive.Break
2021-11-15 17:38:00,423 - Loaded System Directive: org.apache.velocity.runtime.directive.Evaluate
2021-11-15 17:38:00,424 - Loaded System Directive: org.apache.velocity.runtime.directive.Literal
2021-11-15 17:38:00,425 - Loaded System Directive: org.apache.velocity.runtime.directive.Macro
2021-11-15 17:38:00,426 - Loaded System Directive: org.apache.velocity.runtime.directive.Parse
2021-11-15 17:38:00,428 - Loaded System Directive: org.apache.velocity.runtime.directive.Include
2021-11-15 17:38:00,428 - Loaded System Directive: org.apache.velocity.runtime.directive.Foreach
2021-11-15 17:38:00,458 - Created '20' parsers.
2021-11-15 17:38:00,473 - Velocimacro : "velocimacro.library" is not set.  Trying default library: VM_global_library.vm
2021-11-15 17:38:00,473 - Could not load resource 'VM_global_library.vm' from ResourceLoader org.apache.velocity.runtime.resource.loader.ClasspathResourceLoader: ClasspathResourceLoader Error: cannot find resource VM_global_library.vm
2021-11-15 17:38:00,473 - Velocimacro : Default library not found.
2021-11-15 17:38:00,473 - Velocimacro : allowInline = true : VMs can be defined inline in templates
2021-11-15 17:38:00,473 - Velocimacro : allowInlineToOverride = false : VMs defined inline may NOT replace previous VM definitions
2021-11-15 17:38:00,473 - Velocimacro : allowInlineLocal = false : VMs defined inline will be global in scope if allowed.
2021-11-15 17:38:00,473 - Velocimacro : autoload off : VM system will not automatically reload global library macros
2021-11-15 17:38:00,492 - ResourceManager : found templates/entity.java.vm with loader org.apache.velocity.runtime.resource.loader.ClasspathResourceLoader
2021-11-15 17:38:00,500 - Left side (${versionFieldName}) of '==' operation has null value. If it is a reference, it may not be in the context or its toString() returned null. templates/entity.java.vm[line 56, column 30]
2021-11-15 17:38:00,500 - Left side (${logicDeleteFieldName}) of '==' operation has null value. If it is a reference, it may not be in the context or its toString() returned null. templates/entity.java.vm[line 60, column 34]
2021-11-15 17:38:00,504 - Left side (${versionFieldName}) of '==' operation has null value. If it is a reference, it may not be in the context or its toString() returned null. templates/entity.java.vm[line 56, column 30]
2021-11-15 17:38:00,504 - Left side (${logicDeleteFieldName}) of '==' operation has null value. If it is a reference, it may not be in the context or its toString() returned null. templates/entity.java.vm[line 60, column 34]
2021-11-15 17:38:00,504 - Left side (${versionFieldName}) of '==' operation has null value. If it is a reference, it may not be in the context or its toString() returned null. templates/entity.java.vm[line 56, column 30]
2021-11-15 17:38:00,504 - Left side (${logicDeleteFieldName}) of '==' operation has null value. If it is a reference, it may not be in the context or its toString() returned null. templates/entity.java.vm[line 60, column 34]
2021-11-15 17:38:00,506 - ResourceManager : found templates/mapper.java.vm with loader org.apache.velocity.runtime.resource.loader.ClasspathResourceLoader
2021-11-15 17:38:00,508 - ResourceManager : found templates/mapper.xml.vm with loader org.apache.velocity.runtime.resource.loader.ClasspathResourceLoader
2021-11-15 17:38:00,510 - ResourceManager : found templates/service.java.vm with loader org.apache.velocity.runtime.resource.loader.ClasspathResourceLoader
2021-11-15 17:38:00,513 - ResourceManager : found templates/serviceImpl.java.vm with loader org.apache.velocity.runtime.resource.loader.ClasspathResourceLoader
2021-11-15 17:38:00,516 - ResourceManager : found templates/controller.java.vm with loader org.apache.velocity.runtime.resource.loader.ClasspathResourceLoader
2021-11-15 19:53:35,498 - Log4JLogChute initialized using file 'velocity.log'
2021-11-15 19:53:35,498 - Initializing Velocity, Calling init()...
2021-11-15 19:53:35,498 - Starting Apache Velocity v1.7 (compiled: 2010-11-19 12:14:37)
2021-11-15 19:53:35,498 - Default Properties File: org\apache\velocity\runtime\defaults\velocity.properties
2021-11-15 19:53:35,498 - Trying to use logger class org.apache.velocity.runtime.log.AvalonLogChute
2021-11-15 19:53:35,498 - Target log system for org.apache.velocity.runtime.log.AvalonLogChute is not available (java.lang.NoClassDefFoundError: org/apache/log/format/Formatter).  Falling back to next log system...
2021-11-15 19:53:35,498 - Trying to use logger class org.apache.velocity.runtime.log.Log4JLogChute
2021-11-15 19:53:35,498 - Using logger class org.apache.velocity.runtime.log.Log4JLogChute
2021-11-15 19:53:35,501 - ResourceLoader instantiated: org.apache.velocity.runtime.resource.loader.ClasspathResourceLoader
2021-11-15 19:53:35,510 - ResourceCache: initialized (class org.apache.velocity.runtime.resource.ResourceCacheImpl) with class java.util.Collections$SynchronizedMap cache map.
2021-11-15 19:53:35,512 - Loaded System Directive: org.apache.velocity.runtime.directive.Stop
2021-11-15 19:53:35,513 - Loaded System Directive: org.apache.velocity.runtime.directive.Define
2021-11-15 19:53:35,513 - Loaded System Directive: org.apache.velocity.runtime.directive.Break
2021-11-15 19:53:35,514 - Loaded System Directive: org.apache.velocity.runtime.directive.Evaluate
2021-11-15 19:53:35,514 - Loaded System Directive: org.apache.velocity.runtime.directive.Literal
2021-11-15 19:53:35,515 - Loaded System Directive: org.apache.velocity.runtime.directive.Macro
2021-11-15 19:53:35,516 - Loaded System Directive: org.apache.velocity.runtime.directive.Parse
2021-11-15 19:53:35,517 - Loaded System Directive: org.apache.velocity.runtime.directive.Include
2021-11-15 19:53:35,519 - Loaded System Directive: org.apache.velocity.runtime.directive.Foreach
2021-11-15 19:53:35,545 - Created '20' parsers.
2021-11-15 19:53:35,564 - Velocimacro : "velocimacro.library" is not set.  Trying default library: VM_global_library.vm
2021-11-15 19:53:35,564 - Could not load resource 'VM_global_library.vm' from ResourceLoader org.apache.velocity.runtime.resource.loader.ClasspathResourceLoader: ClasspathResourceLoader Error: cannot find resource VM_global_library.vm
2021-11-15 19:53:35,564 - Velocimacro : Default library not found.
2021-11-15 19:53:35,564 - Velocimacro : allowInline = true : VMs can be defined inline in templates
2021-11-15 19:53:35,564 - Velocimacro : allowInlineToOverride = false : VMs defined inline may NOT replace previous VM definitions
2021-11-15 19:53:35,564 - Velocimacro : allowInlineLocal = false : VMs defined inline will be global in scope if allowed.
2021-11-15 19:53:35,564 - Velocimacro : autoload off : VM system will not automatically reload global library macros
2021-11-15 19:53:35,589 - ResourceManager : found templates/entity.java.vm with loader org.apache.velocity.runtime.resource.loader.ClasspathResourceLoader
2021-11-15 19:53:35,599 - Left side (${versionFieldName}) of '==' operation has null value. If it is a reference, it may not be in the context or its toString() returned null. templates/entity.java.vm[line 56, column 30]
2021-11-15 19:53:35,599 - Left side (${logicDeleteFieldName}) of '==' operation has null value. If it is a reference, it may not be in the context or its toString() returned null. templates/entity.java.vm[line 60, column 34]
2021-11-15 19:53:35,602 - Left side (${versionFieldName}) of '==' operation has null value. If it is a reference, it may not be in the context or its toString() returned null. templates/entity.java.vm[line 56, column 30]
2021-11-15 19:53:35,602 - Left side (${logicDeleteFieldName}) of '==' operation has null value. If it is a reference, it may not be in the context or its toString() returned null. templates/entity.java.vm[line 60, column 34]
2021-11-15 19:53:35,602 - Left side (${versionFieldName}) of '==' operation has null value. If it is a reference, it may not be in the context or its toString() returned null. templates/entity.java.vm[line 56, column 30]
2021-11-15 19:53:35,602 - Left side (${logicDeleteFieldName}) of '==' operation has null value. If it is a reference, it may not be in the context or its toString() returned null. templates/entity.java.vm[line 60, column 34]
2021-11-15 19:53:35,604 - ResourceManager : found templates/mapper.java.vm with loader org.apache.velocity.runtime.resource.loader.ClasspathResourceLoader
2021-11-15 19:53:35,606 - ResourceManager : found templates/mapper.xml.vm with loader org.apache.velocity.runtime.resource.loader.ClasspathResourceLoader
2021-11-15 19:53:35,608 - ResourceManager : found templates/service.java.vm with loader org.apache.velocity.runtime.resource.loader.ClasspathResourceLoader
2021-11-15 19:53:35,611 - ResourceManager : found templates/serviceImpl.java.vm with loader org.apache.velocity.runtime.resource.loader.ClasspathResourceLoader
2021-11-15 19:53:35,615 - ResourceManager : found templates/controller.java.vm with loader org.apache.velocity.runtime.resource.loader.ClasspathResourceLoader
